<?xml version="1.0" encoding="UTF-8"?>
<testsuite xmlns:xsi="http://www.w3.org/2001/XMLSchema-instance" xsi:noNamespaceSchemaLocation="https://maven.apache.org/surefire/maven-surefire-plugin/xsd/surefire-test-report.xsd" name="calculator.TestCalculator" time="0.065" tests="18" errors="0" skipped="0" failures="0">
  <properties>
[...]
</properties>
  <testcase name="multiply_MultiplyByNegativeValue_NegativeValueIsReturned" classname="calculator.TestCalculator" time="0.028"/>
  <testcase name="add_AddSingleValue_ValueIsAdded" classname="calculator.TestCalculator" time="0.004"/>
  <testcase name="multiply_MultiplyByFive_ValueTimesFiveIsReturned" classname="calculator.TestCalculator" time="0"/>
  <testcase name="multiply_MultiplySeveralTimes_ValuesAreMultiplied" classname="calculator.TestCalculator" time="0"/>
  <testcase name="multiply_MultiplyWhenCurrentValueIsOne_ValueIsReturned" classname="calculator.TestCalculator" time="0.001"/>
  <testcase name="divide_DivideByOne_ValuesIsUnchanged" classname="calculator.TestCalculator" time="0.001"/>
  <testcase name="combination_UseMultipleOperations_ValueIsCalculated" classname="calculator.TestCalculator" time="0.001"/>
  <testcase name="subtract_SubtractDecimalValue_ValueIsSubtractedAndReturnedValueIsRoundedUp" classname="calculator.TestCalculator" time="0.001"/>
  <testcase name="divide_DivideByTwoWhenValueIsOdd_ValueIsHalvedAndRoundedUp" classname="calculator.TestCalculator" time="0"/>
  <testcase name="add_AddNegativeValue_ValueIsSubtracted" classname="calculator.TestCalculator" time="0.001"/>
  <testcase name="add_AddMultipleValues_ValuesAreSummedTogether" classname="calculator.TestCalculator" time="0.001"/>
  <testcase name="add_AddSingleDecimalValue_ValueIsAddedAndReturnedValueIsRoundedUp" classname="calculator.TestCalculator" time="0.001"/>
  <testcase name="readCurrentValue_CalculatorIsCreated_ValueIsZero" classname="calculator.TestCalculator" time="0"/>
  <testcase name="combination_UseMultipleOperations2_ValueIsCalculated" classname="calculator.TestCalculator" time="0"/>
  <testcase name="multiply_MultiplyWhenCurrentValueIsZero_ValueRemainsZero" classname="calculator.TestCalculator" time="0.001"/>
  <testcase name="subtract_SubtractIntegerValue_ValueIsSubtracted" classname="calculator.TestCalculator" time="0.001"/>
  <testcase name="divide_DivideByZero_ThrowsInvalidArgumentException" classname="calculator.TestCalculator" time="0.003"/>
  <testcase name="divide_DivideByTwo_ValueIsHalved" classname="calculator.TestCalculator" time="0.001"/>
</testsuite>